0 info it worked if it ends with ok
1 verbose cli [ '/home/vntadgo/.nvm/versions/node/v5.0.0/bin/node',
1 verbose cli   '/home/vntadgo/.nvm/versions/node/v5.0.0/bin/npm',
1 verbose cli   'run',
1 verbose cli   'gulp',
1 verbose cli   'build-img' ]
2 info using npm@3.3.6
3 info using node@v5.0.0
4 verbose stack Error: ENOENT: no such file or directory, open '/home/vntadgo/Projects/alura/gulp/package.json'
4 verbose stack     at Error (native)
5 verbose cwd /home/vntadgo/Projects/alura/gulp/01-capitulo
6 error Linux 4.4.0-51-generic
7 error argv "/home/vntadgo/.nvm/versions/node/v5.0.0/bin/node" "/home/vntadgo/.nvm/versions/node/v5.0.0/bin/npm" "run" "gulp" "build-img"
8 error node v5.0.0
9 error npm  v3.3.6
10 error path /home/vntadgo/Projects/alura/gulp/package.json
11 error code ENOENT
12 error errno -2
13 error syscall open
14 error enoent ENOENT: no such file or directory, open '/home/vntadgo/Projects/alura/gulp/package.json'
14 error enoent This is most likely not a problem with npm itself
14 error enoent and is related to npm not being able to find a file.
15 verbose exit [ -2, true ]
